[2022-12-12T18:28:12.530136+00:00] myLogger.INFO: Zugriff auf der Hauptseite [] []
[2022-12-12T19:04:09.485159+00:00] myLogger.INFO: Zugriff auf der Hauptseite [] []
[2022-12-12T19:04:44.406313+00:00] myLogger.WARNING: Falscher Benutzername [] []
[2022-12-12T19:05:38.259183+00:00] myLogger.WARNING: Keine Anmeldedaten [] []
[2022-12-13T09:21:41.131359+00:00] myLogger.INFO: Zugriff auf der Hauptseite [] []
[2022-12-13T10:27:44.893955+00:00] myLogger.INFO: Zugriff auf der Hauptseite [] []
[2022-12-13T10:27:47.384469+00:00] myLogger.INFO: Zugriff auf der Hauptseite [] []
[2022-12-13T10:27:47.592672+00:00] myLogger.INFO: Zugriff auf der Hauptseite [] []
[2022-12-13T10:27:47.781190+00:00] myLogger.INFO: Zugriff auf der Hauptseite [] []
[2022-12-13T10:27:48.003671+00:00] myLogger.INFO: Zugriff auf der Hauptseite [] []
[2022-12-13T10:27:48.161372+00:00] myLogger.INFO: Zugriff auf der Hauptseite [] []
[2022-12-13T10:27:48.325795+00:00] myLogger.INFO: Zugriff auf der Hauptseite [] []
[2022-12-13T10:27:48.800945+00:00] myLogger.INFO: Zugriff auf der Hauptseite [] []
[2022-12-13T10:27:49.088880+00:00] myLogger.INFO: Zugriff auf der Hauptseite [] []
[2022-12-13T10:27:49.294834+00:00] myLogger.INFO: Zugriff auf der Hauptseite [] []
[2022-12-13T10:27:49.468134+00:00] myLogger.INFO: Zugriff auf der Hauptseite [] []
[2022-12-13T10:27:49.984053+00:00] myLogger.INFO: Zugriff auf der Hauptseite [] []
[2022-12-13T10:28:43.485384+00:00] myLogger.INFO: Zugriff auf der Hauptseite [] []
[2022-12-13T10:28:43.676238+00:00] myLogger.INFO: Zugriff auf der Hauptseite [] []
[2022-12-13T10:28:43.844901+00:00] myLogger.INFO: Zugriff auf der Hauptseite [] []
[2022-12-13T10:28:44.083908+00:00] myLogger.INFO: Zugriff auf der Hauptseite [] []
[2022-12-13T10:28:44.211159+00:00] myLogger.INFO: Zugriff auf der Hauptseite [] []
[2022-12-13T10:28:44.397405+00:00] myLogger.INFO: Zugriff auf der Hauptseite [] []
[2022-12-13T10:28:44.572655+00:00] myLogger.INFO: Zugriff auf der Hauptseite [] []
[2022-12-13T10:28:44.686828+00:00] myLogger.INFO: Zugriff auf der Hauptseite [] []
[2022-12-13T12:13:58.733677+00:00] myLogger.INFO: Zugriff auf der Hauptseite [] []
[2022-12-13T12:14:04.180526+00:00] myLogger.INFO: Zugriff auf der Hauptseite [] []
[2022-12-13T12:14:05.076142+00:00] myLogger.INFO: Zugriff auf der Hauptseite [] []
[2022-12-13T12:17:54.569226+00:00] myLogger.INFO: Zugriff auf der Hauptseite [] []
[2022-12-13T16:07:48.250520+00:00] myLogger.INFO: Zugriff auf der Hauptseite [] []
[2022-12-13T16:08:01.802615+00:00] myLogger.INFO: Zugriff auf der Hauptseite [] []
[2022-12-13T16:08:08.728181+00:00] myLogger.INFO: Zugriff auf der Hauptseite [] []
[2022-12-13T16:08:09.653146+00:00] myLogger.INFO: Zugriff auf der Hauptseite [] []
[2022-12-13T16:08:10.492614+00:00] myLogger.INFO: Zugriff auf der Hauptseite [] []
[2022-12-13T16:08:22.412594+00:00] myLogger.INFO: Zugriff auf der Hauptseite [] []
[2022-12-13T16:12:55.265259+00:00] myLogger.INFO: Zugriff auf der Hauptseite [] []
[2022-12-13T16:13:33.494982+00:00] myLogger.INFO: Zugriff auf der Hauptseite [] []
[2022-12-13T16:13:39.952204+00:00] myLogger.INFO: Zugriff auf der Hauptseite [] []
[2022-12-13T16:13:40.828099+00:00] myLogger.INFO: Zugriff auf der Hauptseite [] []
[2022-12-13T16:13:41.328320+00:00] myLogger.INFO: Zugriff auf der Hauptseite [] []
[2022-12-13T16:14:20.528218+00:00] myLogger.INFO: Zugriff auf der Hauptseite [] []
[2022-12-13T16:17:44.014233+00:00] myLogger.WARNING: Keine Anmeldedaten [] []
[2022-12-13T16:19:45.926646+00:00] myLogger.INFO: Zugriff auf der Hauptseite [] []
[2022-12-13T16:21:28.805731+00:00] myLogger.WARNING: Keine Anmeldedaten [] []
[2022-12-14T10:05:27.228954+00:00] myLogger.INFO: Zugriff auf der Hauptseite [] []
[2022-12-14T10:09:16.063035+00:00] myLogger.INFO: Elon Mess ist erfolgreich angemeldet. [] []
[2022-12-14T10:11:03.934297+00:00] myLogger.INFO: Elon Mess ist erfolgreich angemeldet. [] []
[2022-12-14T10:11:03.951199+00:00] myLogger.INFO: Zugriff auf der Hauptseite [] []
[2022-12-14T10:11:24.799664+00:00] myLogger.INFO: Elon Mess hat sich abgemeldet [] []
[2022-12-14T10:11:24.815104+00:00] myLogger.INFO: Zugriff auf der Hauptseite [] []
[2022-12-14T10:11:34.236076+00:00] myLogger.WARNING: Keine Anmeldedaten [] []
[2022-12-14T10:12:42.081582+00:00] myLogger.WARNING: Falsches Passwort [] []
[2022-12-14T10:12:57.567642+00:00] myLogger.WARNING: Falscher Benutzername [] []
[2022-12-14T10:15:53.084058+00:00] myLogger.INFO: Zugriff auf der Hauptseite [] []
[2022-12-14T10:39:42.564792+00:00] myLogger.INFO: Zugriff auf der Hauptseite [] []
[2022-12-14T10:39:48.254568+00:00] myLogger.INFO: Zugriff auf der Hauptseite [] []
[2022-12-14T10:39:48.705850+00:00] myLogger.INFO: Zugriff auf der Hauptseite [] []
[2022-12-15T05:59:26.159889+00:00] myLogger.WARNING: Keine Anmeldedaten [] []
[2022-12-15T05:59:55.756879+00:00] myLogger.WARNING: Keine Anmeldedaten [] []
[2022-12-15T06:01:23.997821+00:00] myLogger.WARNING: Keine Anmeldedaten [] []
[2022-12-15T06:06:10.959785+00:00] myLogger.INFO: Zugriff auf der Hauptseite [] []
[2022-12-15T06:06:21.421616+00:00] myLogger.INFO: Elon Mess ist erfolgreich angemeldet. [] []
[2022-12-15T06:06:21.436083+00:00] myLogger.INFO: Zugriff auf der Hauptseite [] []
[2022-12-15T06:10:57.782718+00:00] myLogger.INFO: Elon Mess hat sich abgemeldet [] []
[2022-12-15T06:10:57.797940+00:00] myLogger.INFO: Zugriff auf der Hauptseite [] []
[2022-12-15T06:13:26.731915+00:00] myLogger.INFO: Zugriff auf der Hauptseite [] []
[2022-12-15T06:20:23.339682+00:00] myLogger.INFO: Zugriff auf der Hauptseite [] []
[2022-12-15T06:20:40.479479+00:00] myLogger.INFO: Elon Mess ist erfolgreich angemeldet. [] []
[2022-12-15T06:20:40.493599+00:00] myLogger.INFO: Zugriff auf der Hauptseite [] []
[2022-12-15T06:20:45.263759+00:00] myLogger.INFO: Elon Mess hat sich abgemeldet [] []
[2022-12-15T06:20:45.278611+00:00] myLogger.INFO: Zugriff auf der Hauptseite [] []
[2022-12-15T06:20:52.336949+00:00] myLogger.WARNING: Keine Anmeldedaten [] []
[2022-12-15T06:20:58.641693+00:00] myLogger.WARNING: Falscher Benutzername [] []
[2022-12-15T06:28:48.313994+00:00] myLogger.INFO: Zugriff auf der Hauptseite [] []
[2022-12-15T06:32:23.416817+00:00] myLogger.INFO: Elon Mess ist erfolgreich angemeldet. [] []
[2022-12-15T06:32:23.462625+00:00] myLogger.INFO: Zugriff auf der Hauptseite [] []
[2022-12-15T06:32:36.198788+00:00] myLogger.INFO: Elon Mess hat sich abgemeldet [] []
[2022-12-15T06:32:36.237254+00:00] myLogger.INFO: Zugriff auf der Hauptseite [] []
[2022-12-15T06:32:47.575820+00:00] myLogger.WARNING: Falscher Benutzername [] []
[2022-12-15T12:52:11.096650+00:00] myLogger.INFO: Zugriff auf der Hauptseite [] []
[2023-01-08T15:15:04.219857+00:00] myLogger.INFO: Zugriff auf der Hauptseite [] []
[2023-01-08T15:15:24.601294+00:00] myLogger.INFO: Zugriff auf der Hauptseite [] []
[2023-01-08T15:15:25.337873+00:00] myLogger.INFO: Zugriff auf der Hauptseite [] []
[2023-01-08T15:15:25.737759+00:00] myLogger.INFO: Zugriff auf der Hauptseite [] []
[2023-01-08T15:15:26.143860+00:00] myLogger.INFO: Zugriff auf der Hauptseite [] []
[2023-01-08T15:15:26.611205+00:00] myLogger.INFO: Zugriff auf der Hauptseite [] []
[2023-01-08T15:15:28.366188+00:00] myLogger.INFO: Zugriff auf der Hauptseite [] []
[2023-01-08T15:15:29.456732+00:00] myLogger.INFO: Zugriff auf der Hauptseite [] []
[2023-01-08T15:15:37.256524+00:00] myLogger.INFO: Zugriff auf der Hauptseite [] []
[2023-01-08T15:15:40.878920+00:00] myLogger.INFO: Zugriff auf der Hauptseite [] []
[2023-01-09T18:23:59.146577+00:00] myLogger.INFO: Zugriff auf der Hauptseite [] []
[2023-01-09T18:25:07.667294+00:00] myLogger.INFO: Zugriff auf der Hauptseite [] []
[2023-01-09T18:27:49.416801+00:00] myLogger.INFO: Elon Mess ist erfolgreich angemeldet. [] []
[2023-01-09T18:27:49.444015+00:00] myLogger.INFO: Zugriff auf der Hauptseite [] []
[2023-01-10T12:27:16.048428+00:00] myLogger.INFO: Zugriff auf der Hauptseite [] []
[2023-01-10T12:38:18.980013+00:00] myLogger.INFO: Zugriff auf der Hauptseite [] []
[2023-01-10T12:38:50.530241+00:00] myLogger.INFO: Zugriff auf der Hauptseite [] []
[2023-01-10T12:40:00.994168+00:00] myLogger.INFO: Zugriff auf der Hauptseite [] []
[2023-01-10T12:40:11.295439+00:00] myLogger.INFO: Zugriff auf der Hauptseite [] []
[2023-01-10T12:40:20.069856+00:00] myLogger.INFO: Zugriff auf der Hauptseite [] []
[2023-01-10T12:42:27.338575+00:00] myLogger.INFO: Zugriff auf der Hauptseite [] []
[2023-01-10T12:42:27.880303+00:00] myLogger.INFO: Zugriff auf der Hauptseite [] []
[2023-01-10T12:42:28.522022+00:00] myLogger.INFO: Zugriff auf der Hauptseite [] []
[2023-01-10T12:42:35.308148+00:00] myLogger.INFO: Zugriff auf der Hauptseite [] []
[2023-01-10T13:03:03.590551+00:00] myLogger.INFO: Zugriff auf der Hauptseite [] []
[2023-01-10T13:03:07.350935+00:00] myLogger.INFO: Elon Mess hat sich abgemeldet [] []
[2023-01-10T13:03:07.420052+00:00] myLogger.INFO: Zugriff auf der Hauptseite [] []
[2023-01-10T13:39:13.661659+00:00] myLogger.INFO: Zugriff auf der Hauptseite [] []
[2023-01-10T13:39:13.834461+00:00] myLogger.INFO: Zugriff auf der Hauptseite [] []
